build/app/outputs/mapping/release/seeds.txt
com.example.boda_boda_app.MainActivity
com.example.boda_boda_app.MainActivity: MainActivity()
...
com.google.firestore.v1.StructuredQuery$Projection: com.google.protobuf.Internal$ProtobufList fields_
com.google.android.gms.internal.firebase-auth-api.zzsx: int[] zza
com.google.firestore.v1.ListenRequest: int DATABASE_FIELD_NUMBER
com.google.android.gms.internal.firebase-auth-api.zzaar: com.google.android.gms.internal.firebase-auth-api.zzzv zzb
com.google.android.gms.internal.fido.zzba: java.util.Map$Entry[] zza
com.google.android.recaptcha.internal.zzaf: int zzc
com.google.android.gms.internal.firebase-auth-api.zzanh: com.google.android.gms.internal.firebase-auth-api.zzanh zzn
com.google.android.gms.internal.firebase-auth-api.zzafz: java.lang.String zzb
com.google.android.gms.internal.firebase-auth-api.zzcy: com.google.android.gms.internal.firebase-auth-api.zzij$zza zze
com.google.android.recaptcha.internal.zznx: int zzd
androidx.versionedparcelable.ParcelImpl: android.os.Parcelable$Creator CREATOR
com.google.android.recaptcha.internal.zzp: com.google.android.recaptcha.internal.zzek zza
com.google.android.recaptcha.internal.zzfy: java.lang.String zzb
com.google.android.gms.internal.firebase-auth-api.zzzn: byte[] zza
com.google.android.gms.internal.firebase-auth-api.zzju: com.google.android.gms.internal.firebase-auth-api.zzju$zzf zzd
com.google.android.gms.internal.auth.zzbv: java.lang.String zzb
com.google.android.recaptcha.internal.zzbd: com.google.android.recaptcha.internal.zzbb zzc
com.google.firestore.admin.v1.Index: int QUERY_SCOPE_FIELD_NUMBER
com.google.android.gms.fido.fido2.api.common.zzu: android.os.Parcelable$Creator CREATOR
com.google.android.gms.internal.firebase-auth-api.zztq: com.google.android.gms.internal.firebase-auth-api.zztq zzc
com.google.android.gms.internal.base.zak: long zab
com.google.android.gms.internal.firebase-auth-api.zzako: com.google.android.gms.internal.firebase-auth-api.zzako zzg
com.google.android.gms.internal.firebase-auth-api.zzvk: com.google.android.gms.internal.firebase-auth-api.zzvk zzc
com.google.android.recaptcha.internal.zzfb: com.google.android.recaptcha.internal.zzto zzc
com.google.android.gms.internal.firebase-auth-api.zzyp: com.google.android.gms.internal.firebase-auth-api.zzys zza
com.google.android.gms.internal.firebase-auth-api.zzafy: java.lang.String zzf
com.google.android.gms.internal.firebase-auth-api.zzao: int zza
com.google.android.gms.internal.firebase-auth-api.zzjw: com.google.android.gms.internal.firebase-auth-api.zzmv zzj
com.google.android.recaptcha.internal.zzeb: long zzd
com.google.android.recaptcha.internal.zzen: java.lang.String zzd
com.google.android.gms.fido.fido2.api.common.PublicKeyCredentialCreationOptions: android.os.Parcelable$Creator CREATOR
com.google.android.gms.internal.firebase-auth-api.zzwl: int zze
com.google.android.gms.internal.firebase-auth-api.zzrs: com.google.android.gms.internal.firebase-auth-api.zzmv zzb
com.google.android.gms.internal.fido.zzdd: int zzb
com.google.firestore.v1.RunAggregationQueryRequest: com.google.protobuf.Parser PARSER
com.google.android.recaptcha.internal.zzio: java.lang.String zzf
com.google.android.gms.internal.firebase-auth-api.zzgt: com.google.android.gms.internal.firebase-auth-api.zzoq zzc
com.google.android.gms.internal.firebase-auth-api.zzqp: com.google.android.gms.internal.firebase-auth-api.zzog zzd
com.google.protobuf.GeneratedMessageLite: com.google.protobuf.UnknownFieldSetLite unknownFields
com.google.android.gms.tasks.zzw: boolean zzc
com.google.android.gms.internal.firebase-auth-api.zzdc$zzb: com.google.android.gms.internal.firebase-auth-api.zzdc$zza zze
com.google.android.gms.internal.firebase-auth-api.zzaep: com.google.android.gms.internal.firebase-auth-api.zzado zza
com.google.android.gms.fido.fido2.api.common.GoogleThirdPartyPaymentExtension: android.os.Parcelable$Creator CREATOR
com.google.android.gms.internal.firebase-auth-api.zzaim: java.lang.String zzb
com.google.android.gms.internal.firebase-auth-api.zzhi: int[] zza