build/app/outputs/mapping/release/usage.txt
com.example.boda_boda_app.R$drawable
com.example.boda_boda_app.R$mipmap
com.example.boda_boda_app.R$string
com.example.boda_boda_app.R$style
com.example.boda_boda_app.R
...
androidx.credentials.internal.FrameworkClassParsingException
androidx.credentials.internal.FrameworkImplHelper$Companion
androidx.credentials.internal.FrameworkImplHelper
androidx.credentials.internal.RequestValidationHelper$Companion
androidx.credentials.internal.RequestValidationHelper
androidx.credentials.play.services.auth.R$style
androidx.credentials.play.services.auth.R
androidx.credentials.playservices.CredentialProviderMetadataHolder$LocalBinder:
    public final androidx.credentials.playservices.CredentialProviderMetadataHolder getService()
androidx.credentials.playservices.CredentialProviderPlayServicesImpl$Companion
androidx.credentials.playservices.CredentialProviderPlayServicesImpl$onClearCredential$1$1
androidx.credentials.playservices.CredentialProviderPlayServicesImpl$onClearCredential$1
androidx.credentials.playservices.CredentialProviderPlayServicesImpl$onClearCredential$2$1$1
androidx.credentials.playservices.CredentialProviderPlayServicesImpl
androidx.credentials.playservices.HiddenActivity:
    private static final int DEFAULT_VALUE
    private static final java.lang.String KEY_AWAITING_RESULT
    private static final java.lang.String TAG
androidx.credentials.playservices.controllers.BeginSignIn.BeginSignInControllerUtility$Companion
androidx.credentials.playservices.controllers.BeginSignIn.BeginSignInControllerUtility
androidx.credentials.playservices.controllers.BeginSignIn.CredentialProviderBeginSignInController$Companion
androidx.credentials.playservices.controllers.BeginSignIn.CredentialProviderBeginSignInController$handleResponse$1
androidx.credentials.playservices.controllers.BeginSignIn.CredentialProviderBeginSignInController$handleResponse$2
androidx.credentials.playservices.controllers.BeginSignIn.CredentialProviderBeginSignInController$handleResponse$3
androidx.credentials.playservices.controllers.BeginSignIn.CredentialProviderBeginSignInController$handleResponse$4
androidx.credentials.playservices.controllers.BeginSignIn.CredentialProviderBeginSignInController$handleResponse$5
androidx.credentials.playservices.controllers.BeginSignIn.CredentialProviderBeginSignInController$handleResponse$6
androidx.credentials.playservices.controllers.BeginSignIn.CredentialProviderBeginSignInController$invokePlayServices$1
androidx.credentials.playservices.controllers.BeginSignIn.CredentialProviderBeginSignInController$resultReceiver$1$onReceiveResult$1
androidx.credentials.playservices.controllers.BeginSignIn.CredentialProviderBeginSignInController$resultReceiver$1
androidx.credentials.playservices.controllers.BeginSignIn.CredentialProviderBeginSignInController
androidx.credentials.playservices.controllers.CreatePassword.CredentialProviderCreatePasswordController$Companion
androidx.credentials.playservices.controllers.CreatePassword.CredentialProviderCreatePasswordController$handleResponse$1
androidx.credentials.playservices.controllers.CreatePassword.CredentialProviderCreatePasswordController$handleResponse$2
androidx.credentials.playservices.controllers.CreatePassword.CredentialProviderCreatePasswordController$handleResponse$3
androidx.credentials.playservices.controllers.CreatePassword.CredentialProviderCreatePasswordController$invokePlayServices$1
androidx.credentials.playservices.controllers.CreatePassword.CredentialProviderCreatePasswordController$resultReceiver$1$onReceiveResult$1
androidx.credentials.playservices.controllers.CreatePassword.CredentialProviderCreatePasswordController$resultReceiver$1
androidx.credentials.playservices.controllers.CreatePassword.CredentialProviderCreatePasswordController
androidx.credentials.playservices.controllers.CreatePublicKeyCredential.CredentialProviderCreatePublicKeyCredentialController$Companion
androidx.credentials.playservices.controllers.CreatePublicKeyCredential.CredentialProviderCreatePublicKeyCredentialController$handleResponse$1